<?xml version="1.0" encoding="UTF-8"?>
<!-- Generated by org.testng.reporters.JUnitReportReporter -->
<testsuite skipped="0" hostname="LAPTOP-4FF5BG5L" name="test.TestSelectandBuyKindle" tests="3" failures="0" timestamp="2021-08-10T12:45:58 IST" time="10.746" errors="0">
  <testcase name="SelectKindle" time="8.538" classname="test.TestSelectandBuyKindle"/>
  <system-out/>
  <testcase name="BuyKindle" time="2.012" classname="test.TestSelectandBuyKindle"/>
  <system-out/>
  <testcase name="verify_EmailOrMob" time="0.196" classname="test.TestSelectandBuyKindle"/>
  <system-out/>
</testsuite> <!-- test.TestSelectandBuyKindle -->
