<?xml version="1.0" encoding="UTF-8"?>
<!-- Generated by org.testng.reporters.JUnitReportReporter -->
<testsuite skipped="0" hostname="LAPTOP-4FF5BG5L" name="amazonpackage.BrowserFactory" tests="3" failures="0" timestamp="2021-08-09T15:15:00 IST" time="8.809" errors="0">
  <testcase name="testbrowser" time="2.866" classname="amazonpackage.BrowserFactory"/>
  <system-out/>
  <testcase name="testbrowser" time="3.023" classname="amazonpackage.BrowserFactory"/>
  <system-out/>
  <testcase name="testbrowser" time="2.920" classname="amazonpackage.BrowserFactory"/>
  <system-out/>
</testsuite> <!-- amazonpackage.BrowserFactory -->
